  [1m[35m (0.2ms)[0m  [1m[35mCREATE TABLE "schema_migrations" ("version" varchar NOT NULL PRIMARY KEY) /*application='OpenapiSvc'*/[0m
  [1m[35m (0.1ms)[0m  [1m[35mCREATE TABLE "ar_internal_metadata" ("key" varchar NOT NULL PRIMARY KEY, "value" varchar, "created_at" datetime(6) NOT NULL, "updated_at" datetime(6) NOT NULL) /*application='OpenapiSvc'*/[0m
  [1m[36mActiveRecord::SchemaMigration Load (0.1ms)[0m  [1m[34mSELECT "schema_migrations"."version" FROM "schema_migrations" ORDER BY "schema_migrations"."version" ASC /*application='OpenapiSvc'*/[0m
  [1m[36mActiveRecord::SchemaMigration Load (0.1ms)[0m  [1m[34mSELECT "schema_migrations"."version" FROM "schema_migrations" ORDER BY "schema_migrations"."version" ASC /*application='OpenapiSvc'*/[0m
  [1m[36mActiveRecord::SchemaMigration Load (0.1ms)[0m  [1m[34mSELECT "schema_migrations"."version" FROM "schema_migrations" ORDER BY "schema_migrations"."version" ASC /*application='OpenapiSvc'*/[0m
  [1m[36mActiveRecord::SchemaMigration Load (0.2ms)[0m  [1m[34mSELECT "schema_migrations"."version" FROM "schema_migrations" ORDER BY "schema_migrations"."version" ASC /*application='OpenapiSvc'*/[0m
Started GET "/" for ::1 at 2026-04-30 09:47:39 +0200
  [1m[36mActiveRecord::SchemaMigration Load (0.1ms)[0m  [1m[34mSELECT "schema_migrations"."version" FROM "schema_migrations" ORDER BY "schema_migrations"."version" ASC /*application='OpenapiSvc'*/[0m
Processing by Rails::WelcomeController#index as HTML
  Rendering /Users/bartosz.borkowski/.asdf/installs/ruby/3.4.5/lib/ruby/gems/3.4.0/gems/railties-8.1.3/lib/rails/templates/rails/welcome/index.html.erb
  Rendered /Users/bartosz.borkowski/.asdf/installs/ruby/3.4.5/lib/ruby/gems/3.4.0/gems/railties-8.1.3/lib/rails/templates/rails/welcome/index.html.erb (Duration: 0.2ms | GC: 0.0ms)
Completed 200 OK in 13ms (Views: 3.3ms | ActiveRecord: 0.0ms (0 queries, 0 cached) | GC: 0.0ms)


Started GET "/icon.png" for ::1 at 2026-04-30 09:47:39 +0200
  
ActionController::RoutingError (No route matches [GET] "/icon.png"):
  
Started GET "/api-docs" for ::1 at 2026-04-30 09:48:07 +0200
  [1m[36mActiveRecord::SchemaMigration Load (0.1ms)[0m  [1m[34mSELECT "schema_migrations"."version" FROM "schema_migrations" ORDER BY "schema_migrations"."version" ASC /*application='OpenapiSvc'*/[0m
Started GET "/api-docs/index.html" for ::1 at 2026-04-30 09:48:07 +0200
Started GET "/api-docs/swagger-ui.css" for ::1 at 2026-04-30 09:48:07 +0200
Started GET "/api-docs/swagger-ui-bundle.js" for ::1 at 2026-04-30 09:48:07 +0200
Started GET "/api-docs/swagger-ui-standalone-preset.js" for ::1 at 2026-04-30 09:48:07 +0200
Started GET "/api-docs/v1/swagger.yaml" for ::1 at 2026-04-30 09:48:07 +0200
  
ActionController::RoutingError (No route matches [GET] "/api-docs/v1/swagger.yaml"):
  
Started GET "/api-docs/favicon-32x32.png" for ::1 at 2026-04-30 09:48:07 +0200
